<?xml version="1.0" encoding="UTF-8"?>
<testsuite xmlns:xsi="http://www.w3.org/2001/XMLSchema-instance" xsi:noNamespaceSchemaLocation="https://maven.apache.org/surefire/maven-surefire-plugin/xsd/surefire-test-report-3.0.xsd" version="3.0" name="TestSuite" time="129.049" tests="4" errors="0" skipped="0" failures="2">
  <properties>
[...]
</properties>
  <testcase name="feature" classname="com.cucumber.TestRunner.LoginRunner" time="11.654"/>
  <testcase name="feature" classname="com.cucumber.TestRunner.CreateNewUserRunner" time="15.901">
    <failure message="org.openqa.selenium.ElementClickInterceptedException: element click intercepted: Element &lt;mat-label _ngcontent-ng-c2679767403=&quot;&quot; class=&quot;ng-tns-c3673195382-38&quot;&gt;...&lt;/mat-label&gt; is not clickable at point (434, 175). Other element would receive the click: &lt;div _ngcontent-ng-c3379062967=&quot;&quot; class=&quot;cssload-container ng-star-inserted&quot;&gt;...&lt;/div&gt;&#10;  (Session info: chrome=121.0.6167.140)&#10;Build info: version: &apos;4.12.1&apos;, revision: &apos;8e34639b11&apos;&#10;System info: os.name: &apos;Windows 10&apos;, os.arch: &apos;amd64&apos;, os.version: &apos;10.0&apos;, java.version: &apos;11.0.20&apos;&#10;Driver info: org.openqa.selenium.chrome.ChromeDriver&#10;Command: [228fecbe037cc57c16152be60994dae5, clickElement {id=01E10385C3E903744C5D2DFDAA5EAA21_element_3034}]&#10;Capabilities {acceptInsecureCerts: false, browserName: chrome, browserVersion: 121.0.6167.140, chrome: {chromedriverVersion: 121.0.6167.85 (3f98d690ad7e..., userDataDir: C:\Users\SAPPHI~1\AppData\L...}, fedcm:accounts: true, goog:chromeOptions: {debuggerAddress: localhost:54978}, networkConnectionEnabled: false, pageLoadStrategy: normal, platformName: windows, proxy: Proxy(), se:cdp: ws://localhost:54978/devtoo..., se:cdpVersion: 121.0.6167.140, setWindowRect: true, strictFileInteractability: false, timeouts: {implicit: 0, pageLoad: 300000, script: 30000}, unhandledPromptBehavior: dismiss and notify, webauthn:extension:credBlob: true, webauthn:extension:largeBlob: true, webauthn:extension:minPinLength: true, webauthn:extension:prf: true, webauthn:virtualAuthenticators: true}&#10;Element: [[ChromeDriver: chrome on windows (228fecbe037cc57c16152be60994dae5)] -&gt; xpath: //mat-label[text()=&quot;Institution&apos;s:&quot;]]&#10;Session ID: 228fecbe037cc57c16152be60994dae5" type="cucumber.runtime.CucumberException"><![CDATA[cucumber.runtime.CucumberException: 
org.openqa.selenium.ElementClickInterceptedException: element click intercepted: Element <mat-label _ngcontent-ng-c2679767403="" class="ng-tns-c3673195382-38">...</mat-label> is not clickable at point (434, 175). Other element would receive the click: <div _ngcontent-ng-c3379062967="" class="cssload-container ng-star-inserted">...</div>
  (Session info: chrome=121.0.6167.140)
Build info: version: '4.12.1', revision: '8e34639b11'
System info: os.name: 'Windows 10', os.arch: 'amd64', os.version: '10.0', java.version: '11.0.20'
Driver info: org.openqa.selenium.chrome.ChromeDriver
Command: [228fecbe037cc57c16152be60994dae5, clickElement {id=01E10385C3E903744C5D2DFDAA5EAA21_element_3034}]
Capabilities {acceptInsecureCerts: false, browserName: chrome, browserVersion: 121.0.6167.140, chrome: {chromedriverVersion: 121.0.6167.85 (3f98d690ad7e..., userDataDir: C:\Users\SAPPHI~1\AppData\L...}, fedcm:accounts: true, goog:chromeOptions: {debuggerAddress: localhost:54978}, networkConnectionEnabled: false, pageLoadStrategy: normal, platformName: windows, proxy: Proxy(), se:cdp: ws://localhost:54978/devtoo..., se:cdpVersion: 121.0.6167.140, setWindowRect: true, strictFileInteractability: false, timeouts: {implicit: 0, pageLoad: 300000, script: 30000}, unhandledPromptBehavior: dismiss and notify, webauthn:extension:credBlob: true, webauthn:extension:largeBlob: true, webauthn:extension:minPinLength: true, webauthn:extension:prf: true, webauthn:virtualAuthenticators: true}
Element: [[ChromeDriver: chrome on windows (228fecbe037cc57c16152be60994dae5)] -> xpath: //mat-label[text()="Institution's:"]]
Session ID: 228fecbe037cc57c16152be60994dae5
Caused by: org.openqa.selenium.ElementClickInterceptedException: 
element click intercepted: Element <mat-label _ngcontent-ng-c2679767403="" class="ng-tns-c3673195382-38">...</mat-label> is not clickable at point (434, 175). Other element would receive the click: <div _ngcontent-ng-c3379062967="" class="cssload-container ng-star-inserted">...</div>
  (Session info: chrome=121.0.6167.140)
Build info: version: '4.12.1', revision: '8e34639b11'
System info: os.name: 'Windows 10', os.arch: 'amd64', os.version: '10.0', java.version: '11.0.20'
Driver info: org.openqa.selenium.chrome.ChromeDriver
Command: [228fecbe037cc57c16152be60994dae5, clickElement {id=01E10385C3E903744C5D2DFDAA5EAA21_element_3034}]
Capabilities {acceptInsecureCerts: false, browserName: chrome, browserVersion: 121.0.6167.140, chrome: {chromedriverVersion: 121.0.6167.85 (3f98d690ad7e..., userDataDir: C:\Users\SAPPHI~1\AppData\L...}, fedcm:accounts: true, goog:chromeOptions: {debuggerAddress: localhost:54978}, networkConnectionEnabled: false, pageLoadStrategy: normal, platformName: windows, proxy: Proxy(), se:cdp: ws://localhost:54978/devtoo..., se:cdpVersion: 121.0.6167.140, setWindowRect: true, strictFileInteractability: false, timeouts: {implicit: 0, pageLoad: 300000, script: 30000}, unhandledPromptBehavior: dismiss and notify, webauthn:extension:credBlob: true, webauthn:extension:largeBlob: true, webauthn:extension:minPinLength: true, webauthn:extension:prf: true, webauthn:virtualAuthenticators: true}
Element: [[ChromeDriver: chrome on windows (228fecbe037cc57c16152be60994dae5)] -> xpath: //mat-label[text()="Institution's:"]]
Session ID: 228fecbe037cc57c16152be60994dae5
]]></failure>
    <system-out><![CDATA[Test Method resides in com.cucumber.TestRunner.LoginRunner
Test Method had the following parameters : nullLogin - Check the flow of login with valid credentials,
Test Status: Pass
About to begin executing following method : LoginRunner.testDownClass
***************** LoginRunner Test end *****************
Completed executing following method : LoginRunner.testDownClass
About to begin executing following method : AbstractTestNGCucumberTests.tearDownClass

1 Scenarios (1 passed)
3 Steps (3 passed)
0m11.227s

Completed executing following method : AbstractTestNGCucumberTests.tearDownClass
Completed executing test LoginRunner
About to begin executing Test CreateNewUserr
About to begin executing following method : AbstractTestNGCucumberTests.setUpClass
Completed executing following method : AbstractTestNGCucumberTests.setUpClass
About to begin executing following method : CreateNewUserRunner.beforeclass
***************** CreateNewUserRunner Test satrting *****************
started Log class
Completed executing following method : CreateNewUserRunner.beforeclass
The execution of the main test starts now
About to begin executing following method : AbstractTestNGCucumberTests.feature
@tag
Feature: Administrator - Check the flow of Create New User
Started CL2plus1 Step Definition 

  @sanity
  Scenario: Verify the flow of Create New User # src/test/resources/features/CreateNewUser.feature:5
    Given login by the Username and Password   # CreateNewUser.login_by_the_Username_and_Password()
    When click the UserMenu                    # CreateNewUser.click_the_UserMenu()
    Then Click on The Create Button            # CreateNewUser.click_on_The_Create_Button()
    Then Enter data to all fields              # CreateNewUser.enter_data_to_all_fields()
      org.openqa.selenium.ElementClickInterceptedException: element click intercepted: Element <mat-label _ngcontent-ng-c2679767403="" class="ng-tns-c3673195382-38">...</mat-label> is not clickable at point (434, 175). Other element would receive the click: <div _ngcontent-ng-c3379062967="" class="cssload-container ng-star-inserted">...</div>
        (Session info: chrome=121.0.6167.140)
      Build info: version: '4.12.1', revision: '8e34639b11'
      System info: os.name: 'Windows 10', os.arch: 'amd64', os.version: '10.0', java.version: '11.0.20'
      Driver info: org.openqa.selenium.chrome.ChromeDriver
      Command: [228fecbe037cc57c16152be60994dae5, clickElement {id=01E10385C3E903744C5D2DFDAA5EAA21_element_3034}]
      Capabilities {acceptInsecureCerts: false, browserName: chrome, browserVersion: 121.0.6167.140, chrome: {chromedriverVersion: 121.0.6167.85 (3f98d690ad7e..., userDataDir: C:\Users\SAPPHI~1\AppData\L...}, fedcm:accounts: true, goog:chromeOptions: {debuggerAddress: localhost:54978}, networkConnectionEnabled: false, pageLoadStrategy: normal, platformName: windows, proxy: Proxy(), se:cdp: ws://localhost:54978/devtoo..., se:cdpVersion: 121.0.6167.140, setWindowRect: true, strictFileInteractability: false, timeouts: {implicit: 0, pageLoad: 300000, script: 30000}, unhandledPromptBehavior: dismiss and notify, webauthn:extension:credBlob: true, webauthn:extension:largeBlob: true, webauthn:extension:minPinLength: true, webauthn:extension:prf: true, webauthn:virtualAuthenticators: true}
      Element: [[ChromeDriver: chrome on windows (228fecbe037cc57c16152be60994dae5)] -> xpath: //mat-label[text()="Institution's:"]]
      Session ID: 228fecbe037cc57c16152be60994dae5
      	at java.base/jdk.internal.reflect.NativeConstructorAccessorImpl.newInstance0(Native Method)
      	at java.base/jdk.internal.reflect.NativeConstructorAccessorImpl.newInstance(NativeConstructorAccessorImpl.java:62)
      	at java.base/jdk.internal.reflect.DelegatingConstructorAccessorImpl.newInstance(DelegatingConstructorAccessorImpl.java:45)
      	at java.base/java.lang.reflect.Constructor.newInstance(Constructor.java:490)
      	at org.openqa.selenium.remote.codec.w3c.W3CHttpResponseCodec.createException(W3CHttpResponseCodec.java:200)
      	at org.openqa.selenium.remote.codec.w3c.W3CHttpResponseCodec.decode(W3CHttpResponseCodec.java:133)
      	at org.openqa.selenium.remote.codec.w3c.W3CHttpResponseCodec.decode(W3CHttpResponseCodec.java:52)
      	at org.openqa.selenium.remote.HttpCommandExecutor.execute(HttpCommandExecutor.java:191)
      	at org.openqa.selenium.remote.service.DriverCommandExecutor.invokeExecute(DriverCommandExecutor.java:196)
      	at org.openqa.selenium.remote.service.DriverCommandExecutor.execute(DriverCommandExecutor.java:171)
      	at org.openqa.selenium.remote.RemoteWebDriver.execute(RemoteWebDriver.java:602)
      	at org.openqa.selenium.remote.RemoteWebElement.execute(RemoteWebElement.java:224)
      	at org.openqa.selenium.remote.RemoteWebElement.click(RemoteWebElement.java:77)
      	at java.base/jdk.internal.reflect.NativeMethodAccessorImpl.invoke0(Native Method)
      	at java.base/jdk.internal.reflect.NativeMethodAccessorImpl.invoke(NativeMethodAccessorImpl.java:62)
      	at java.base/jdk.internal.reflect.DelegatingMethodAccessorImpl.invoke(DelegatingMethodAccessorImpl.java:43)
      	at java.base/java.lang.reflect.Method.invoke(Method.java:566)
      	at org.openqa.selenium.support.pagefactory.internal.LocatingElementHandler.invoke(LocatingElementHandler.java:51)
      	at com.sun.proxy.$Proxy30.click(Unknown Source)
      	at com.cucumber.PageObjects.CreateUserPageObj.ResponsiveEDcreateUser(CreateUserPageObj.java:189)
      	at com.cucumber.stepdefination.CreateNewUser.enter_data_to_all_fields(CreateNewUser.java:42)
      	at ?.Then Enter data to all fields(src/test/resources/features/CreateNewUser.feature:9)

    Then Click on create button                # CreateNewUser.click_on_create_button()
    Then click on OK button                    # CreateNewUser.click_on_OK_button()
    And SignOut                                # CreateNewUser.signout()
Completed executing following method : AbstractTestNGCucumberTests.feature
]]></system-out>
    <system-err><![CDATA[Feb 08, 2024 9:44:20 AM org.openqa.selenium.devtools.CdpVersionFinder findNearestMatch
WARNING: Unable to find CDP implementation matching 121
Feb 08, 2024 9:44:20 AM org.openqa.selenium.chromium.ChromiumDriver lambda$new$5
WARNING: Unable to find version of CDP to use for 121.0.6167.140. You may need to include a dependency on a specific version of the CDP using something similar to `org.seleniumhq.selenium:selenium-devtools-v86:4.12.1` where the version ("v86") matches the version of the chromium-based browser you're using and the version number of the artifact is the same as Selenium's.
]]></system-err>
  </testcase>
  <testcase name="feature" classname="com.cucumber.TestRunner.UserManagementDropDwnRunner" time="15.735">
    <failure message="org.openqa.selenium.ElementClickInterceptedException: element click intercepted: Element &lt;div class=&quot;mat-mdc-form-field-flex ng-tns-c3673195382-30&quot;&gt;...&lt;/div&gt; is not clickable at point (448, 262). Other element would receive the click: &lt;div _ngcontent-ng-c3379062967=&quot;&quot; class=&quot;cssload-container ng-star-inserted&quot;&gt;...&lt;/div&gt;&#10;  (Session info: chrome=121.0.6167.140)&#10;Build info: version: &apos;4.12.1&apos;, revision: &apos;8e34639b11&apos;&#10;System info: os.name: &apos;Windows 10&apos;, os.arch: &apos;amd64&apos;, os.version: &apos;10.0&apos;, java.version: &apos;11.0.20&apos;&#10;Driver info: org.openqa.selenium.chrome.ChromeDriver&#10;Command: [cfa1c87725e8cca8284b8c79b2062ae2, clickElement {id=144D3699411832DA1E585D466FA194F1_element_2897}]&#10;Capabilities {acceptInsecureCerts: false, browserName: chrome, browserVersion: 121.0.6167.140, chrome: {chromedriverVersion: 121.0.6167.85 (3f98d690ad7e..., userDataDir: C:\Users\SAPPHI~1\AppData\L...}, fedcm:accounts: true, goog:chromeOptions: {debuggerAddress: localhost:55005}, networkConnectionEnabled: false, pageLoadStrategy: normal, platformName: windows, proxy: Proxy(), se:cdp: ws://localhost:55005/devtoo..., se:cdpVersion: 121.0.6167.140, setWindowRect: true, strictFileInteractability: false, timeouts: {implicit: 0, pageLoad: 300000, script: 30000}, unhandledPromptBehavior: dismiss and notify, webauthn:extension:credBlob: true, webauthn:extension:largeBlob: true, webauthn:extension:minPinLength: true, webauthn:extension:prf: true, webauthn:virtualAuthenticators: true}&#10;Element: [[ChromeDriver: chrome on windows (cfa1c87725e8cca8284b8c79b2062ae2)] -&gt; xpath: //mat-label[text()=&apos;Institutions:&apos;]/../../../..]&#10;Session ID: cfa1c87725e8cca8284b8c79b2062ae2" type="cucumber.runtime.CucumberException"><![CDATA[cucumber.runtime.CucumberException: 
org.openqa.selenium.ElementClickInterceptedException: element click intercepted: Element <div class="mat-mdc-form-field-flex ng-tns-c3673195382-30">...</div> is not clickable at point (448, 262). Other element would receive the click: <div _ngcontent-ng-c3379062967="" class="cssload-container ng-star-inserted">...</div>
  (Session info: chrome=121.0.6167.140)
Build info: version: '4.12.1', revision: '8e34639b11'
System info: os.name: 'Windows 10', os.arch: 'amd64', os.version: '10.0', java.version: '11.0.20'
Driver info: org.openqa.selenium.chrome.ChromeDriver
Command: [cfa1c87725e8cca8284b8c79b2062ae2, clickElement {id=144D3699411832DA1E585D466FA194F1_element_2897}]
Capabilities {acceptInsecureCerts: false, browserName: chrome, browserVersion: 121.0.6167.140, chrome: {chromedriverVersion: 121.0.6167.85 (3f98d690ad7e..., userDataDir: C:\Users\SAPPHI~1\AppData\L...}, fedcm:accounts: true, goog:chromeOptions: {debuggerAddress: localhost:55005}, networkConnectionEnabled: false, pageLoadStrategy: normal, platformName: windows, proxy: Proxy(), se:cdp: ws://localhost:55005/devtoo..., se:cdpVersion: 121.0.6167.140, setWindowRect: true, strictFileInteractability: false, timeouts: {implicit: 0, pageLoad: 300000, script: 30000}, unhandledPromptBehavior: dismiss and notify, webauthn:extension:credBlob: true, webauthn:extension:largeBlob: true, webauthn:extension:minPinLength: true, webauthn:extension:prf: true, webauthn:virtualAuthenticators: true}
Element: [[ChromeDriver: chrome on windows (cfa1c87725e8cca8284b8c79b2062ae2)] -> xpath: //mat-label[text()='Institutions:']/../../../..]
Session ID: cfa1c87725e8cca8284b8c79b2062ae2
Caused by: org.openqa.selenium.ElementClickInterceptedException: 
element click intercepted: Element <div class="mat-mdc-form-field-flex ng-tns-c3673195382-30">...</div> is not clickable at point (448, 262). Other element would receive the click: <div _ngcontent-ng-c3379062967="" class="cssload-container ng-star-inserted">...</div>
  (Session info: chrome=121.0.6167.140)
Build info: version: '4.12.1', revision: '8e34639b11'
System info: os.name: 'Windows 10', os.arch: 'amd64', os.version: '10.0', java.version: '11.0.20'
Driver info: org.openqa.selenium.chrome.ChromeDriver
Command: [cfa1c87725e8cca8284b8c79b2062ae2, clickElement {id=144D3699411832DA1E585D466FA194F1_element_2897}]
Capabilities {acceptInsecureCerts: false, browserName: chrome, browserVersion: 121.0.6167.140, chrome: {chromedriverVersion: 121.0.6167.85 (3f98d690ad7e..., userDataDir: C:\Users\SAPPHI~1\AppData\L...}, fedcm:accounts: true, goog:chromeOptions: {debuggerAddress: localhost:55005}, networkConnectionEnabled: false, pageLoadStrategy: normal, platformName: windows, proxy: Proxy(), se:cdp: ws://localhost:55005/devtoo..., se:cdpVersion: 121.0.6167.140, setWindowRect: true, strictFileInteractability: false, timeouts: {implicit: 0, pageLoad: 300000, script: 30000}, unhandledPromptBehavior: dismiss and notify, webauthn:extension:credBlob: true, webauthn:extension:largeBlob: true, webauthn:extension:minPinLength: true, webauthn:extension:prf: true, webauthn:virtualAuthenticators: true}
Element: [[ChromeDriver: chrome on windows (cfa1c87725e8cca8284b8c79b2062ae2)] -> xpath: //mat-label[text()='Institutions:']/../../../..]
Session ID: cfa1c87725e8cca8284b8c79b2062ae2
]]></failure>
    <system-out><![CDATA[Test Method resides in com.cucumber.TestRunner.CreateNewUserRunner
Test Method had the following parameters : nullAdministrator - Check the flow of Create New User,
Test Status: Failed
About to begin executing following method : CreateNewUserRunner.testDownClass
***************** CreateNewUserRunner Test end *****************
Completed executing following method : CreateNewUserRunner.testDownClass
About to begin executing following method : AbstractTestNGCucumberTests.tearDownClass

Failed scenarios:
src/test/resources/features/CreateNewUser.feature:5 # Scenario: Verify the flow of Create New User

1 Scenarios (1 failed)
7 Steps (1 failed, 3 skipped, 3 passed)
0m15.835s

org.openqa.selenium.ElementClickInterceptedException: element click intercepted: Element <mat-label _ngcontent-ng-c2679767403="" class="ng-tns-c3673195382-38">...</mat-label> is not clickable at point (434, 175). Other element would receive the click: <div _ngcontent-ng-c3379062967="" class="cssload-container ng-star-inserted">...</div>
  (Session info: chrome=121.0.6167.140)
Build info: version: '4.12.1', revision: '8e34639b11'
System info: os.name: 'Windows 10', os.arch: 'amd64', os.version: '10.0', java.version: '11.0.20'
Driver info: org.openqa.selenium.chrome.ChromeDriver
Command: [228fecbe037cc57c16152be60994dae5, clickElement {id=01E10385C3E903744C5D2DFDAA5EAA21_element_3034}]
Capabilities {acceptInsecureCerts: false, browserName: chrome, browserVersion: 121.0.6167.140, chrome: {chromedriverVersion: 121.0.6167.85 (3f98d690ad7e..., userDataDir: C:\Users\SAPPHI~1\AppData\L...}, fedcm:accounts: true, goog:chromeOptions: {debuggerAddress: localhost:54978}, networkConnectionEnabled: false, pageLoadStrategy: normal, platformName: windows, proxy: Proxy(), se:cdp: ws://localhost:54978/devtoo..., se:cdpVersion: 121.0.6167.140, setWindowRect: true, strictFileInteractability: false, timeouts: {implicit: 0, pageLoad: 300000, script: 30000}, unhandledPromptBehavior: dismiss and notify, webauthn:extension:credBlob: true, webauthn:extension:largeBlob: true, webauthn:extension:minPinLength: true, webauthn:extension:prf: true, webauthn:virtualAuthenticators: true}
Element: [[ChromeDriver: chrome on windows (228fecbe037cc57c16152be60994dae5)] -> xpath: //mat-label[text()="Institution's:"]]
Session ID: 228fecbe037cc57c16152be60994dae5
	at java.base/jdk.internal.reflect.NativeConstructorAccessorImpl.newInstance0(Native Method)
	at java.base/jdk.internal.reflect.NativeConstructorAccessorImpl.newInstance(NativeConstructorAccessorImpl.java:62)
	at java.base/jdk.internal.reflect.DelegatingConstructorAccessorImpl.newInstance(DelegatingConstructorAccessorImpl.java:45)
	at java.base/java.lang.reflect.Constructor.newInstance(Constructor.java:490)
	at org.openqa.selenium.remote.codec.w3c.W3CHttpResponseCodec.createException(W3CHttpResponseCodec.java:200)
	at org.openqa.selenium.remote.codec.w3c.W3CHttpResponseCodec.decode(W3CHttpResponseCodec.java:133)
	at org.openqa.selenium.remote.codec.w3c.W3CHttpResponseCodec.decode(W3CHttpResponseCodec.java:52)
	at org.openqa.selenium.remote.HttpCommandExecutor.execute(HttpCommandExecutor.java:191)
	at org.openqa.selenium.remote.service.DriverCommandExecutor.invokeExecute(DriverCommandExecutor.java:196)
	at org.openqa.selenium.remote.service.DriverCommandExecutor.execute(DriverCommandExecutor.java:171)
	at org.openqa.selenium.remote.RemoteWebDriver.execute(RemoteWebDriver.java:602)
	at org.openqa.selenium.remote.RemoteWebElement.execute(RemoteWebElement.java:224)
	at org.openqa.selenium.remote.RemoteWebElement.click(RemoteWebElement.java:77)
	at java.base/jdk.internal.reflect.NativeMethodAccessorImpl.invoke0(Native Method)
	at java.base/jdk.internal.reflect.NativeMethodAccessorImpl.invoke(NativeMethodAccessorImpl.java:62)
	at java.base/jdk.internal.reflect.DelegatingMethodAccessorImpl.invoke(DelegatingMethodAccessorImpl.java:43)
	at java.base/java.lang.reflect.Method.invoke(Method.java:566)
	at org.openqa.selenium.support.pagefactory.internal.LocatingElementHandler.invoke(LocatingElementHandler.java:51)
	at com.sun.proxy.$Proxy30.click(Unknown Source)
	at com.cucumber.PageObjects.CreateUserPageObj.ResponsiveEDcreateUser(CreateUserPageObj.java:189)
	at com.cucumber.stepdefination.CreateNewUser.enter_data_to_all_fields(CreateNewUser.java:42)
	at ?.Then Enter data to all fields(src/test/resources/features/CreateNewUser.feature:9)

Completed executing following method : AbstractTestNGCucumberTests.tearDownClass
Completed executing test CreateNewUserr
About to begin executing Test UserManagementDropDwn
About to begin executing following method : AbstractTestNGCucumberTests.setUpClass
Completed executing following method : AbstractTestNGCucumberTests.setUpClass
About to begin executing following method : UserManagementDropDwnRunner.beforeclass
***************** UserManagementDropDwnRunner Test satrting *****************
started Log class
Completed executing following method : UserManagementDropDwnRunner.beforeclass
The execution of the main test starts now
About to begin executing following method : AbstractTestNGCucumberTests.feature
@tag
Feature: Administrator - Check the flow of all User Management Drop Down Handle
Started UserManagementDropDwnHandStepDef Step Definition 

  @sanity
  Scenario: Verify the flow of all User Management Drop Down Handle # src/test/resources/features/ManagementDropDwnHandle.feature:5
    Given login to the APP                                          # UserManagementDropDwnHandStepDef.login_to_the_APP()
    Then Click on the USERMENU                                      # UserManagementDropDwnHandStepDef.click_on_the_USERMENU()
    Then Select institutinsDropDown                                 # UserManagementDropDwnHandStepDef.select_institutinsDropDown()
      org.openqa.selenium.ElementClickInterceptedException: element click intercepted: Element <div class="mat-mdc-form-field-flex ng-tns-c3673195382-30">...</div> is not clickable at point (448, 262). Other element would receive the click: <div _ngcontent-ng-c3379062967="" class="cssload-container ng-star-inserted">...</div>
        (Session info: chrome=121.0.6167.140)
      Build info: version: '4.12.1', revision: '8e34639b11'
      System info: os.name: 'Windows 10', os.arch: 'amd64', os.version: '10.0', java.version: '11.0.20'
      Driver info: org.openqa.selenium.chrome.ChromeDriver
      Command: [cfa1c87725e8cca8284b8c79b2062ae2, clickElement {id=144D3699411832DA1E585D466FA194F1_element_2897}]
      Capabilities {acceptInsecureCerts: false, browserName: chrome, browserVersion: 121.0.6167.140, chrome: {chromedriverVersion: 121.0.6167.85 (3f98d690ad7e..., userDataDir: C:\Users\SAPPHI~1\AppData\L...}, fedcm:accounts: true, goog:chromeOptions: {debuggerAddress: localhost:55005}, networkConnectionEnabled: false, pageLoadStrategy: normal, platformName: windows, proxy: Proxy(), se:cdp: ws://localhost:55005/devtoo..., se:cdpVersion: 121.0.6167.140, setWindowRect: true, strictFileInteractability: false, timeouts: {implicit: 0, pageLoad: 300000, script: 30000}, unhandledPromptBehavior: dismiss and notify, webauthn:extension:credBlob: true, webauthn:extension:largeBlob: true, webauthn:extension:minPinLength: true, webauthn:extension:prf: true, webauthn:virtualAuthenticators: true}
      Element: [[ChromeDriver: chrome on windows (cfa1c87725e8cca8284b8c79b2062ae2)] -> xpath: //mat-label[text()='Institutions:']/../../../..]
      Session ID: cfa1c87725e8cca8284b8c79b2062ae2
      	at java.base/jdk.internal.reflect.NativeConstructorAccessorImpl.newInstance0(Native Method)
      	at java.base/jdk.internal.reflect.NativeConstructorAccessorImpl.newInstance(NativeConstructorAccessorImpl.java:62)
      	at java.base/jdk.internal.reflect.DelegatingConstructorAccessorImpl.newInstance(DelegatingConstructorAccessorImpl.java:45)
      	at java.base/java.lang.reflect.Constructor.newInstance(Constructor.java:490)
      	at org.openqa.selenium.remote.codec.w3c.W3CHttpResponseCodec.createException(W3CHttpResponseCodec.java:200)
      	at org.openqa.selenium.remote.codec.w3c.W3CHttpResponseCodec.decode(W3CHttpResponseCodec.java:133)
      	at org.openqa.selenium.remote.codec.w3c.W3CHttpResponseCodec.decode(W3CHttpResponseCodec.java:52)
      	at org.openqa.selenium.remote.HttpCommandExecutor.execute(HttpCommandExecutor.java:191)
      	at org.openqa.selenium.remote.service.DriverCommandExecutor.invokeExecute(DriverCommandExecutor.java:196)
      	at org.openqa.selenium.remote.service.DriverCommandExecutor.execute(DriverCommandExecutor.java:171)
      	at org.openqa.selenium.remote.RemoteWebDriver.execute(RemoteWebDriver.java:602)
      	at org.openqa.selenium.remote.RemoteWebElement.execute(RemoteWebElement.java:224)
      	at org.openqa.selenium.remote.RemoteWebElement.click(RemoteWebElement.java:77)
      	at com.cucumber.PageObjects.allUserManagementDropDwnHandlePageObj.SelectinstitutinsDropDown(allUserManagementDropDwnHandlePageObj.java:41)
      	at com.cucumber.stepdefination.UserManagementDropDwnHandStepDef.select_institutinsDropDown(UserManagementDropDwnHandStepDef.java:42)
      	at ?.Then Select institutinsDropDown(src/test/resources/features/ManagementDropDwnHandle.feature:8)

    Then Select rolesDropDown                                       # UserManagementDropDwnHandStepDef.select_rolesDropDown()
    Then Select enrollmentStatusDropDown                            # UserManagementDropDwnHandStepDef.select_enrollmentStatusDropDown()
    Then Slect searchByDropDown                                     # UserManagementDropDwnHandStepDef.slect_searchByDropDown()
    And Click ON GO BUTTON                                          # UserManagementDropDwnHandStepDef.click_ON_GO_BUTTON()
Completed executing following method : AbstractTestNGCucumberTests.feature
]]></system-out>
    <system-err><![CDATA[Feb 08, 2024 9:44:41 AM org.openqa.selenium.devtools.CdpVersionFinder findNearestMatch
WARNING: Unable to find CDP implementation matching 121
Feb 08, 2024 9:44:41 AM org.openqa.selenium.chromium.ChromiumDriver lambda$new$5
WARNING: Unable to find version of CDP to use for 121.0.6167.140. You may need to include a dependency on a specific version of the CDP using something similar to `org.seleniumhq.selenium:selenium-devtools-v86:4.12.1` where the version ("v86") matches the version of the chromium-based browser you're using and the version number of the artifact is the same as Selenium's.
]]></system-err>
  </testcase>
  <testcase name="feature" classname="com.cucumber.TestRunner.sreachUserRunner" time="58.101"/>
</testsuite>