<?xml version="1.0" encoding="UTF-8"?>
<!-- Generated by org.testng.reporters.JUnitXMLReporter -->
<testsuite ignored="0" hostname="DESKTOP-AFJ4RN8" failures="0" tests="4" name="CreateNewUserr" time="199.285" errors="0" timestamp="2024-02-11T18:06:46 IST">
  <testcase classname="cucumber.api.testng.AbstractTestNGCucumberTests" name="feature" time="11.699"/>
  <testcase classname="cucumber.api.testng.AbstractTestNGCucumberTests" name="feature" time="62.485"/>
  <testcase classname="cucumber.api.testng.AbstractTestNGCucumberTests" name="feature" time="52.355"/>
  <testcase classname="cucumber.api.testng.AbstractTestNGCucumberTests" name="feature" time="58.089"/>
</testsuite> <!-- CreateNewUserr -->
